Running Symbolic PathFinder ....
symbolic.dp=choco
symbolic.string_dp_timeout_ms=0
symbolic.string_dp=none
symbolic.choco_time_bound=30000
symbolic.minint=-1000000
symbolic.maxint=1000000
symbolic.minreal=-10000.0
symbolic.maxreal=10000.0
symbolic.undefined=-1000000
Starting gov.nasa.jpf.symbc.sequences.SymbolicSequenceListener
Starting the verification, JPF.java; 610
Starting DFSearch 

JavaPathfinder v6.0 (rev 686+) - (C) RIACS/NASA Ames Research Center


====================================================== system under test
application: TestPaths2.java

====================================================== search started: 6/11/12 6:08 PM
Method executed: getRootLogger()Lorg/apache/log4j/Logger;; File: TestPaths2.java:28
[WARNING] orphan NativePeer method: java.lang.reflect.Method.getMethodInfo
Method executed: println(Ljava/lang/String;)V; File: TestPaths2.java:33
!!!!!!!!!!!!!!! Start Testing! 
Method executed: <init>()V; File: TestPaths2.java:34
Method executed: <init>()V; File: TestPaths2.java:26
Method executed: testMe2(IZLjava/lang/String;)V; File: TestPaths2.java:34
ZSUK makeIntVar  name: b_2_SYMINT  min: 0  max: 1
Method executed: fouad(I)I; File: TestPaths2.java:60
ZSUK makeIntVar  name: x_1_SYMINT  min: -1000000  max: 1000000
ZSUK makeIntVar  name: b_2_SYMINT  min: 0  max: 1
ZSUK makeIntVar  name: x_1_SYMINT  min: -1000000  max: 1000000
ZSUK makeIntVar  name: b_2_SYMINT  min: 0  max: 1
ZSUK makeIntVar  name: x_1_SYMINT  min: -1000000  max: 1000000
ZSUK makeIntVar  name: b_2_SYMINT  min: 0  max: 1
Method executed: println(Ljava/lang/String;)V; File: TestPaths2.java:66
  <= 1200
Method executed: fouad(I)I; File: TestPaths2.java:68
ZSUK makeIntVar  name: x_1_SYMINT  min: -1000000  max: 1000000
ZSUK makeIntVar  name: b_2_SYMINT  min: 0  max: 1
ZSUK makeIntVar  name: x_1_SYMINT  min: -1000000  max: 1000000
ZSUK makeIntVar  name: b_2_SYMINT  min: 0  max: 1
Search: class gov.nasa.jpf.search.DFSearch
Search: class gov.nasa.jpf.search.DFSearch backtracked, Coverage analyzer
ZSUK makeIntVar  name: x_1_SYMINT  min: -1000000  max: 1000000
ZSUK makeIntVar  name: b_2_SYMINT  min: 0  max: 1
Search: class gov.nasa.jpf.search.DFSearch
--------------------------------------------------
FFUUUCKKK THEEE WOOORRLLLDDDx_1_SYMINT <= (x_1_SYMINT + CONST_1) &&
x_1_SYMINT < (x_1_SYMINT + CONST_1) &&
x_1_SYMINT < CONST_10 &&
b_2_SYMINT != CONST_0
-----
ZSUK makeIntVar  name: x_1_SYMINT  min: -1000000  max: 1000000
ZSUK makeIntVar  name: b_2_SYMINT  min: 0  max: 1
FFUUUCKKK THEEE WOOORRLLLDDDx_1_SYMINT[-1000000] <= (x_1_SYMINT[-1000000] + CONST_1) &&
x_1_SYMINT[-1000000] < (x_1_SYMINT[-1000000] + CONST_1) &&
x_1_SYMINT[-1000000] < CONST_10 &&
b_2_SYMINT[1] != CONST_0
Search: class gov.nasa.jpf.search.DFSearch backtracked, Coverage analyzer
Search: class gov.nasa.jpf.search.DFSearch
--------------------------------------------------
FFUUUCKKK THEEE WOOORRLLLDDDx_1_SYMINT[-1000000] < (x_1_SYMINT[-1000000] + CONST_1) &&
x_1_SYMINT[-1000000] < CONST_10 &&
b_2_SYMINT[1] != CONST_0
-----
ZSUK makeIntVar  name: x_1_SYMINT  min: -1000000  max: 1000000
ZSUK makeIntVar  name: b_2_SYMINT  min: 0  max: 1
FFUUUCKKK THEEE WOOORRLLLDDDx_1_SYMINT[-1000000] < (x_1_SYMINT[-1000000] + CONST_1) &&
x_1_SYMINT[-1000000] < CONST_10 &&
b_2_SYMINT[1] != CONST_0
Search: class gov.nasa.jpf.search.DFSearch backtracked, Coverage analyzer
ZSUK makeIntVar  name: x_1_SYMINT  min: -1000000  max: 1000000
ZSUK makeIntVar  name: b_2_SYMINT  min: 0  max: 1
Search: class gov.nasa.jpf.search.DFSearch
Search: class gov.nasa.jpf.search.DFSearch backtracked, Coverage analyzer
Search: class gov.nasa.jpf.search.DFSearch
--------------------------------------------------
FFUUUCKKK THEEE WOOORRLLLDDDx_1_SYMINT < (x_1_SYMINT + CONST_1) &&
x_1_SYMINT < CONST_10 &&
b_2_SYMINT != CONST_0
-----
ZSUK makeIntVar  name: x_1_SYMINT  min: -1000000  max: 1000000
ZSUK makeIntVar  name: b_2_SYMINT  min: 0  max: 1
FFUUUCKKK THEEE WOOORRLLLDDDx_1_SYMINT[-1000000] < (x_1_SYMINT[-1000000] + CONST_1) &&
x_1_SYMINT[-1000000] < CONST_10 &&
b_2_SYMINT[1] != CONST_0
Search: class gov.nasa.jpf.search.DFSearch backtracked, Coverage analyzer
ZSUK makeIntVar  name: x_1_SYMINT  min: -1000000  max: 1000000
ZSUK makeIntVar  name: b_2_SYMINT  min: 0  max: 1
Method executed: println(Ljava/lang/String;)V; File: TestPaths2.java:62
  <= 1200 la
Method executed: fouad(I)I; File: TestPaths2.java:68
ZSUK makeIntVar  name: x_1_SYMINT  min: -1000000  max: 1000000
ZSUK makeIntVar  name: b_2_SYMINT  min: 0  max: 1
ZSUK makeIntVar  name: x_1_SYMINT  min: -1000000  max: 1000000
ZSUK makeIntVar  name: b_2_SYMINT  min: 0  max: 1
Search: class gov.nasa.jpf.search.DFSearch
Search: class gov.nasa.jpf.search.DFSearch backtracked, Coverage analyzer
ZSUK makeIntVar  name: x_1_SYMINT  min: -1000000  max: 1000000
ZSUK makeIntVar  name: b_2_SYMINT  min: 0  max: 1
Search: class gov.nasa.jpf.search.DFSearch
--------------------------------------------------
FFUUUCKKK THEEE WOOORRLLLDDDx_1_SYMINT <= (x_1_SYMINT + CONST_1) &&
x_1_SYMINT < (x_1_SYMINT + CONST_1) &&
x_1_SYMINT < CONST_10 &&
b_2_SYMINT != CONST_0
-----
ZSUK makeIntVar  name: x_1_SYMINT  min: -1000000  max: 1000000
ZSUK makeIntVar  name: b_2_SYMINT  min: 0  max: 1
FFUUUCKKK THEEE WOOORRLLLDDDx_1_SYMINT[-1000000] <= (x_1_SYMINT[-1000000] + CONST_1) &&
x_1_SYMINT[-1000000] < (x_1_SYMINT[-1000000] + CONST_1) &&
x_1_SYMINT[-1000000] < CONST_10 &&
b_2_SYMINT[1] != CONST_0
Search: class gov.nasa.jpf.search.DFSearch backtracked, Coverage analyzer
Search: class gov.nasa.jpf.search.DFSearch
--------------------------------------------------
FFUUUCKKK THEEE WOOORRLLLDDDx_1_SYMINT[-1000000] < (x_1_SYMINT[-1000000] + CONST_1) &&
x_1_SYMINT[-1000000] < CONST_10 &&
b_2_SYMINT[1] != CONST_0
-----
ZSUK makeIntVar  name: x_1_SYMINT  min: -1000000  max: 1000000
ZSUK makeIntVar  name: b_2_SYMINT  min: 0  max: 1
FFUUUCKKK THEEE WOOORRLLLDDDx_1_SYMINT[-1000000] < (x_1_SYMINT[-1000000] + CONST_1) &&
x_1_SYMINT[-1000000] < CONST_10 &&
b_2_SYMINT[1] != CONST_0
Search: class gov.nasa.jpf.search.DFSearch backtracked, Coverage analyzer
ZSUK makeIntVar  name: x_1_SYMINT  min: -1000000  max: 1000000
ZSUK makeIntVar  name: b_2_SYMINT  min: 0  max: 1
Search: class gov.nasa.jpf.search.DFSearch
Search: class gov.nasa.jpf.search.DFSearch backtracked, Coverage analyzer
Search: class gov.nasa.jpf.search.DFSearch
--------------------------------------------------
FFUUUCKKK THEEE WOOORRLLLDDDx_1_SYMINT < (x_1_SYMINT + CONST_1) &&
x_1_SYMINT < CONST_10 &&
b_2_SYMINT != CONST_0
-----
ZSUK makeIntVar  name: x_1_SYMINT  min: -1000000  max: 1000000
ZSUK makeIntVar  name: b_2_SYMINT  min: 0  max: 1
FFUUUCKKK THEEE WOOORRLLLDDDx_1_SYMINT[-1000000] < (x_1_SYMINT[-1000000] + CONST_1) &&
x_1_SYMINT[-1000000] < CONST_10 &&
b_2_SYMINT[1] != CONST_0
Search: class gov.nasa.jpf.search.DFSearch backtracked, Coverage analyzer
Search: class gov.nasa.jpf.search.DFSearch
--------------------------------------------------
FFUUUCKKK THEEE WOOORRLLLDDDx_1_SYMINT[-1000000] < (x_1_SYMINT[-1000000] + CONST_1) &&
x_1_SYMINT[-1000000] < CONST_10 &&
b_2_SYMINT[1] != CONST_0
-----
ZSUK makeIntVar  name: x_1_SYMINT  min: -1000000  max: 1000000
ZSUK makeIntVar  name: b_2_SYMINT  min: 0  max: 1
FFUUUCKKK THEEE WOOORRLLLDDDx_1_SYMINT[-1000000] < (x_1_SYMINT[-1000000] + CONST_1) &&
x_1_SYMINT[-1000000] < CONST_10 &&
b_2_SYMINT[1] != CONST_0
Search: class gov.nasa.jpf.search.DFSearch backtracked, Coverage analyzer
ZSUK makeIntVar  name: x_1_SYMINT  min: -1000000  max: 1000000
ZSUK makeIntVar  name: b_2_SYMINT  min: 0  max: 1
Search: class gov.nasa.jpf.search.DFSearch
Search: class gov.nasa.jpf.search.DFSearch backtracked, Coverage analyzer
Search: class gov.nasa.jpf.search.DFSearch
--------------------------------------------------
FFUUUCKKK THEEE WOOORRLLLDDDx_1_SYMINT < CONST_10 &&
b_2_SYMINT != CONST_0
-----
ZSUK makeIntVar  name: x_1_SYMINT  min: -1000000  max: 1000000
ZSUK makeIntVar  name: b_2_SYMINT  min: 0  max: 1
FFUUUCKKK THEEE WOOORRLLLDDDx_1_SYMINT[-1000000] < CONST_10 &&
b_2_SYMINT[1] != CONST_0
Search: class gov.nasa.jpf.search.DFSearch backtracked, Coverage analyzer
ZSUK makeIntVar  name: x_1_SYMINT  min: -1000000  max: 1000000
ZSUK makeIntVar  name: b_2_SYMINT  min: 0  max: 1
ZSUK makeIntVar  name: x_1_SYMINT  min: -1000000  max: 1000000
ZSUK makeIntVar  name: b_2_SYMINT  min: 0  max: 1
ZSUK makeIntVar  name: x_1_SYMINT  min: -1000000  max: 1000000
ZSUK makeIntVar  name: b_2_SYMINT  min: 0  max: 1
Method executed: println(Ljava/lang/String;)V; File: TestPaths2.java:66
  <= 1200
Method executed: fouad(I)I; File: TestPaths2.java:68
ZSUK makeIntVar  name: x_1_SYMINT  min: -1000000  max: 1000000
ZSUK makeIntVar  name: b_2_SYMINT  min: 0  max: 1
Search: class gov.nasa.jpf.search.DFSearch
Search: class gov.nasa.jpf.search.DFSearch backtracked, Coverage analyzer
ZSUK makeIntVar  name: x_1_SYMINT  min: -1000000  max: 1000000
ZSUK makeIntVar  name: b_2_SYMINT  min: 0  max: 1
ZSUK makeIntVar  name: x_1_SYMINT  min: -1000000  max: 1000000
ZSUK makeIntVar  name: b_2_SYMINT  min: 0  max: 1
Search: class gov.nasa.jpf.search.DFSearch
Search: class gov.nasa.jpf.search.DFSearch backtracked, Coverage analyzer
ZSUK makeIntVar  name: x_1_SYMINT  min: -1000000  max: 1000000
ZSUK makeIntVar  name: b_2_SYMINT  min: 0  max: 1
Search: class gov.nasa.jpf.search.DFSearch
--------------------------------------------------
FFUUUCKKK THEEE WOOORRLLLDDDx_1_SYMINT <= (x_1_SYMINT * CONST_10) &&
x_1_SYMINT < (x_1_SYMINT * CONST_10) &&
x_1_SYMINT >= CONST_10 &&
b_2_SYMINT != CONST_0
-----
ZSUK makeIntVar  name: x_1_SYMINT  min: -1000000  max: 1000000
ZSUK makeIntVar  name: b_2_SYMINT  min: 0  max: 1
FFUUUCKKK THEEE WOOORRLLLDDDx_1_SYMINT[10] <= (x_1_SYMINT[10] * CONST_10) &&
x_1_SYMINT[10] < (x_1_SYMINT[10] * CONST_10) &&
x_1_SYMINT[10] >= CONST_10 &&
b_2_SYMINT[1] != CONST_0
Search: class gov.nasa.jpf.search.DFSearch backtracked, Coverage analyzer
Search: class gov.nasa.jpf.search.DFSearch
--------------------------------------------------
FFUUUCKKK THEEE WOOORRLLLDDDx_1_SYMINT[10] < (x_1_SYMINT[10] * CONST_10) &&
x_1_SYMINT[10] >= CONST_10 &&
b_2_SYMINT[1] != CONST_0
-----
ZSUK makeIntVar  name: x_1_SYMINT  min: -1000000  max: 1000000
ZSUK makeIntVar  name: b_2_SYMINT  min: 0  max: 1
FFUUUCKKK THEEE WOOORRLLLDDDx_1_SYMINT[10] < (x_1_SYMINT[10] * CONST_10) &&
x_1_SYMINT[10] >= CONST_10 &&
b_2_SYMINT[1] != CONST_0
Search: class gov.nasa.jpf.search.DFSearch backtracked, Coverage analyzer
Search: class gov.nasa.jpf.search.DFSearch
--------------------------------------------------
FFUUUCKKK THEEE WOOORRLLLDDDx_1_SYMINT[10] < (x_1_SYMINT[10] * CONST_10) &&
x_1_SYMINT[10] >= CONST_10 &&
b_2_SYMINT[1] != CONST_0
-----
ZSUK makeIntVar  name: x_1_SYMINT  min: -1000000  max: 1000000
ZSUK makeIntVar  name: b_2_SYMINT  min: 0  max: 1
FFUUUCKKK THEEE WOOORRLLLDDDx_1_SYMINT[10] < (x_1_SYMINT[10] * CONST_10) &&
x_1_SYMINT[10] >= CONST_10 &&
b_2_SYMINT[1] != CONST_0
Search: class gov.nasa.jpf.search.DFSearch backtracked, Coverage analyzer
ZSUK makeIntVar  name: x_1_SYMINT  min: -1000000  max: 1000000
ZSUK makeIntVar  name: b_2_SYMINT  min: 0  max: 1
Method executed: println(Ljava/lang/String;)V; File: TestPaths2.java:62
  <= 1200 la
Method executed: fouad(I)I; File: TestPaths2.java:68
ZSUK makeIntVar  name: x_1_SYMINT  min: -1000000  max: 1000000
ZSUK makeIntVar  name: b_2_SYMINT  min: 0  max: 1
Search: class gov.nasa.jpf.search.DFSearch
Search: class gov.nasa.jpf.search.DFSearch backtracked, Coverage analyzer
ZSUK makeIntVar  name: x_1_SYMINT  min: -1000000  max: 1000000
ZSUK makeIntVar  name: b_2_SYMINT  min: 0  max: 1
ZSUK makeIntVar  name: x_1_SYMINT  min: -1000000  max: 1000000
ZSUK makeIntVar  name: b_2_SYMINT  min: 0  max: 1
Search: class gov.nasa.jpf.search.DFSearch
Search: class gov.nasa.jpf.search.DFSearch backtracked, Coverage analyzer
ZSUK makeIntVar  name: x_1_SYMINT  min: -1000000  max: 1000000
ZSUK makeIntVar  name: b_2_SYMINT  min: 0  max: 1
Search: class gov.nasa.jpf.search.DFSearch
--------------------------------------------------
FFUUUCKKK THEEE WOOORRLLLDDDx_1_SYMINT <= (x_1_SYMINT * CONST_10) &&
x_1_SYMINT < (x_1_SYMINT * CONST_10) &&
x_1_SYMINT >= CONST_10 &&
b_2_SYMINT != CONST_0
-----
ZSUK makeIntVar  name: x_1_SYMINT  min: -1000000  max: 1000000
ZSUK makeIntVar  name: b_2_SYMINT  min: 0  max: 1
FFUUUCKKK THEEE WOOORRLLLDDDx_1_SYMINT[10] <= (x_1_SYMINT[10] * CONST_10) &&
x_1_SYMINT[10] < (x_1_SYMINT[10] * CONST_10) &&
x_1_SYMINT[10] >= CONST_10 &&
b_2_SYMINT[1] != CONST_0
Search: class gov.nasa.jpf.search.DFSearch backtracked, Coverage analyzer
Search: class gov.nasa.jpf.search.DFSearch
--------------------------------------------------
FFUUUCKKK THEEE WOOORRLLLDDDx_1_SYMINT[10] < (x_1_SYMINT[10] * CONST_10) &&
x_1_SYMINT[10] >= CONST_10 &&
b_2_SYMINT[1] != CONST_0
-----
ZSUK makeIntVar  name: x_1_SYMINT  min: -1000000  max: 1000000
ZSUK makeIntVar  name: b_2_SYMINT  min: 0  max: 1
FFUUUCKKK THEEE WOOORRLLLDDDx_1_SYMINT[10] < (x_1_SYMINT[10] * CONST_10) &&
x_1_SYMINT[10] >= CONST_10 &&
b_2_SYMINT[1] != CONST_0
Search: class gov.nasa.jpf.search.DFSearch backtracked, Coverage analyzer
Search: class gov.nasa.jpf.search.DFSearch
--------------------------------------------------
FFUUUCKKK THEEE WOOORRLLLDDDx_1_SYMINT[10] < (x_1_SYMINT[10] * CONST_10) &&
x_1_SYMINT[10] >= CONST_10 &&
b_2_SYMINT[1] != CONST_0
-----
ZSUK makeIntVar  name: x_1_SYMINT  min: -1000000  max: 1000000
ZSUK makeIntVar  name: b_2_SYMINT  min: 0  max: 1
FFUUUCKKK THEEE WOOORRLLLDDDx_1_SYMINT[10] < (x_1_SYMINT[10] * CONST_10) &&
x_1_SYMINT[10] >= CONST_10 &&
b_2_SYMINT[1] != CONST_0
Search: class gov.nasa.jpf.search.DFSearch backtracked, Coverage analyzer
Search: class gov.nasa.jpf.search.DFSearch
--------------------------------------------------
FFUUUCKKK THEEE WOOORRLLLDDDx_1_SYMINT[10] < (x_1_SYMINT[10] * CONST_10) &&
x_1_SYMINT[10] >= CONST_10 &&
b_2_SYMINT[1] != CONST_0
-----
ZSUK makeIntVar  name: x_1_SYMINT  min: -1000000  max: 1000000
ZSUK makeIntVar  name: b_2_SYMINT  min: 0  max: 1
FFUUUCKKK THEEE WOOORRLLLDDDx_1_SYMINT[10] < (x_1_SYMINT[10] * CONST_10) &&
x_1_SYMINT[10] >= CONST_10 &&
b_2_SYMINT[1] != CONST_0
Search: class gov.nasa.jpf.search.DFSearch backtracked, Coverage analyzer
ZSUK makeIntVar  name: x_1_SYMINT  min: -1000000  max: 1000000
ZSUK makeIntVar  name: b_2_SYMINT  min: 0  max: 1
Search: class gov.nasa.jpf.search.DFSearch
Search: class gov.nasa.jpf.search.DFSearch backtracked, Coverage analyzer
Search: class gov.nasa.jpf.search.DFSearch
--------------------------------------------------
FFUUUCKKK THEEE WOOORRLLLDDDx_1_SYMINT >= CONST_10 &&
b_2_SYMINT != CONST_0
-----
ZSUK makeIntVar  name: x_1_SYMINT  min: -1000000  max: 1000000
ZSUK makeIntVar  name: b_2_SYMINT  min: 0  max: 1
FFUUUCKKK THEEE WOOORRLLLDDDx_1_SYMINT[10] >= CONST_10 &&
b_2_SYMINT[1] != CONST_0
Search: class gov.nasa.jpf.search.DFSearch backtracked, Coverage analyzer
Search: class gov.nasa.jpf.search.DFSearch
--------------------------------------------------
FFUUUCKKK THEEE WOOORRLLLDDDb_2_SYMINT[1] != CONST_0
-----
ZSUK makeIntVar  name: b_2_SYMINT  min: 0  max: 1
FFUUUCKKK THEEE WOOORRLLLDDDb_2_SYMINT[1] != CONST_0
Search: class gov.nasa.jpf.search.DFSearch backtracked, Coverage analyzer
ZSUK makeIntVar  name: b_2_SYMINT  min: 0  max: 1
Search: class gov.nasa.jpf.search.DFSearch
--------------------------------------------------
FFUUUCKKK THEEE WOOORRLLLDDDb_2_SYMINT == CONST_0
-----
ZSUK makeIntVar  name: b_2_SYMINT  min: 0  max: 1
FFUUUCKKK THEEE WOOORRLLLDDDb_2_SYMINT[0] == CONST_0
Search: class gov.nasa.jpf.search.DFSearch backtracked, Coverage analyzer
Search: class gov.nasa.jpf.search.DFSearch
Search: class gov.nasa.jpf.search.DFSearch backtracked, Coverage analyzer
Search: class gov.nasa.jpf.search.DFSearch
Search: class gov.nasa.jpf.search.DFSearch backtracked, Coverage analyzer

====================================================== Method Sequences
	@Test
My method print: testMe2(-1000000,true,**UNDEFINED**)
my Constraint: x_1_SYMINT[10] < CONST_10 &&
b_2_SYMINT[0] != CONST_0
	@Test
My method print: testMe2(10,true,**UNDEFINED**)
my Constraint: b_2_SYMINT[0] != CONST_0
	@Test
My method print: testMe2(10,false,**UNDEFINED**)
my Constraint: b_2_SYMINT[0] == CONST_0

====================================================== JUnit 4.0 test class
import static org.junit.Assert.*;
import org.junit.Before;
import org.junit.Test;

public class TestPaths2Test {

	private TestPaths2 testpaths2;

	@Before
	public void setUp() throws Exception {
		testpaths2 = new TestPaths2();
	}

	@Test
	public void test0() {
		testpaths2.testMe2(-1000000,true,**UNDEFINED**);
	}

	@Test
	public void test1() {
		testpaths2.testMe2(10,true,**UNDEFINED**);
	}

	@Test
	public void test2() {
		testpaths2.testMe2(10,false,**UNDEFINED**);
	}
}

====================================================== coverage statistics

-------------------------------------------- class coverage ------------------------------------------------
bytecode            line                basic-block         branch              methods             location
------------------------------------------------------------------------------------------------------------
0.58 (51/88)        0.54 (14/26)        0.59 (22/37)        0.63 (5/8)          0.83 (5/6)          TestPaths2
 -                   -                   -                   -                   -                  [B
 -                   -                   -                   -                   -                  [C
 -                   -                   -                   -                   -                  [D
 -                   -                   -                   -                   -                  [F
 -                   -                   -                   -                   -                  [I
 -                   -                   -                   -                   -                  [J
 -                   -                   -                   -                   -                  [Ljava.io.ObjectStreamField;
 -                   -                   -                   -                   -                  [Ljava.lang.Object;
 -                   -                   -                   -                   -                  [Ljava.lang.String;
 -                   -                   -                   -                   -                  [Ljava.lang.Thread$State;
 -                   -                   -                   -                   -                  [Ljava.lang.Thread;
 -                   -                   -                   -                   -                  [Ljava.util.Hashtable$Entry;
 -                   -                   -                   -                   -                  [S
 -                   -                   -                   -                   -                  [Z
 -                   -                   -                   -                   -                  boolean
 -                   -                   -                   -                   -                  byte
 -                   -                   -                   -                   -                  char
 -                   -                   -                   -                   -                  double
 -                   -                   -                   -                   -                  float
0.00 (0/31)         0.00 (0/11)         0.00 (0/17)         0.00 (0/2)          0.00 (0/6)          gov.nasa.jpf.ConsoleOutputStream
 -                   -                   -                   -                   -                  int
 -                   -                   -                   -                   -                  java.io.Closeable
0.00 (0/64)         0.00 (0/19)         0.00 (0/21)         0.00 (0/2)          0.00 (0/6)          java.io.FilterOutputStream
 -                   -                   -                   -                   -                  java.io.Flushable
0.25 (4/16)         0.25 (2/8)          0.25 (2/8)           -                  0.25 (1/4)          java.io.IOException
0.00 (0/126)        0.00 (0/37)         0.00 (0/43)         0.00 (0/11)         0.00 (0/9)          java.io.InputStream
0.00 (0/58)         0.00 (0/14)         0.00 (0/23)         0.00 (0/8)          0.00 (0/5)          java.io.OutputStream
0.00 (0/794)        0.00 (0/237)        0.00 (0/272)        0.00 (0/22)         0.00 (0/49)         java.io.PrintStream
 -                   -                   -                   -                   -                  java.io.Serializable
0.06 (104/1631)     0.05 (15/312)       0.03 (14/408)       0.00 (0/110)        0.07 (4/59)         java.lang.AbstractStringBuilder
 -                   -                   -                   -                   -                  java.lang.Appendable
0.17 (20/120)       0.22 (6/27)         0.10 (6/60)         0.00 (0/11)         0.13 (2/15)         java.lang.Boolean
 -                   -                   -                   -                   -                  java.lang.CharSequence
0.00 (0/1733)       0.00 (0/567)        0.00 (0/590)        0.00 (0/140)        0.00 (0/88)         java.lang.Character
0.01 (3/263)        0.02 (1/58)         0.01 (1/104)        0.00 (0/9)          0.03 (1/32)         java.lang.Class
0.21 (30/143)       0.24 (10/42)        0.21 (13/62)        0.00 (0/4)          0.25 (5/20)         java.lang.ClassLoader
 -                   -                   -                   -                   -                  java.lang.Cloneable
 -                   -                   -                   -                   -                  java.lang.Comparable
0.02 (4/245)        0.02 (1/46)         0.02 (2/98)         0.00 (0/13)         0.04 (1/25)         java.lang.Double
0.08 (9/118)        0.14 (4/28)         0.04 (2/50)         0.00 (0/6)          0.07 (1/14)         java.lang.Enum
0.25 (4/16)         0.25 (2/8)          0.25 (2/8)           -                  0.25 (1/4)          java.lang.Exception
0.02 (4/172)        0.03 (1/37)         0.03 (2/71)         0.00 (0/8)          0.04 (1/26)         java.lang.Float
0.59 (1000/1706)    0.04 (5/141)        0.01 (2/160)        0.00 (0/35)         0.02 (1/43)         java.lang.Integer
 -                   -                   -                   -                   -                  java.lang.Iterable
0.00 (4/835)        0.01 (1/148)        0.01 (2/162)        0.00 (0/37)         0.02 (1/41)         java.lang.Long
0.05 (7/149)        0.04 (1/23)         0.07 (4/60)         0.07 (1/15)         0.06 (1/16)         java.lang.Math
0.00 (0/7)          0.00 (0/4)          0.00 (0/4)           -                  0.00 (0/2)          java.lang.NoSuchMethodException
0.00 (0/11)         0.00 (0/3)          0.00 (0/6)           -                  0.00 (0/3)          java.lang.Number
0.28 (18/64)        0.29 (4/14)         0.41 (13/32)        0.00 (0/7)          0.43 (3/7)          java.lang.Object
 -                   -                   -                   -                   -                  java.lang.Runnable
0.02 (4/226)        0.02 (1/51)         0.03 (2/80)         0.00 (0/13)         0.05 (1/22)         java.lang.Short
0.00 (0/67)         0.00 (0/18)         0.00 (0/22)         0.00 (0/1)          0.00 (0/7)          java.lang.StackTraceElement
0.05 (80/1542)      0.05 (17/349)       0.05 (20/389)       0.00 (0/102)        0.07 (6/86)         java.lang.String
0.09 (6/69)         0.07 (1/14)         0.17 (4/23)         0.00 (0/5)          0.50 (2/4)          java.lang.String$CaseInsensitiveComparator
0.03 (20/575)       0.05 (5/100)        0.03 (7/213)        0.00 (0/10)         0.03 (3/90)         java.lang.StringBuffer
0.01 (4/560)        0.02 (2/82)         0.01 (2/214)        0.00 (0/8)          0.01 (1/90)         java.lang.StringBuilder
0.46 (60/130)       0.37 (15/41)        0.41 (20/49)        0.50 (2/4)          0.16 (3/19)         java.lang.System
0.07 (3/42)         0.10 (1/10)         0.11 (2/18)          -                  0.11 (1/9)          java.lang.System$1
0.01 (2/268)        0.01 (1/79)         0.01 (1/91)         0.00 (0/8)          0.03 (1/36)         java.lang.Thread
0.00 (0/6)          0.00 (0/2)          0.00 (0/2)           -                  0.00 (0/1)          java.lang.Thread$Permit
0.88 (69/78)        1.00 (1/1)          0.69 (9/13)          -                  0.50 (2/4)          java.lang.Thread$State
 -                   -                   -                   -                   -                  java.lang.Thread$UncaughtExceptionHandler
0.00 (0/1218)       0.00 (0/284)        0.00 (0/341)        0.00 (0/83)         0.00 (0/38)         java.lang.ThreadGroup
0.19 (22/118)       0.23 (10/43)        0.20 (8/40)         0.00 (0/5)          0.23 (3/13)         java.lang.Throwable
0.00 (0/35)         0.00 (0/9)          0.00 (0/13)         0.00 (0/2)          0.00 (0/5)          java.lang.reflect.AccessibleObject
 -                   -                   -                   -                   -                  java.lang.reflect.AnnotatedElement
 -                   -                   -                   -                   -                  java.lang.reflect.GenericDeclaration
 -                   -                   -                   -                   -                  java.lang.reflect.Member
0.00 (0/15)         0.00 (0/4)          0.00 (0/9)           -                  0.00 (0/4)          java.lang.reflect.Method
 -                   -                   -                   -                   -                  java.lang.reflect.Type
0.57 (4/7)          0.50 (2/4)          0.50 (2/4)           -                  0.50 (1/2)          java.net.MalformedURLException
0.04 (47/1092)      0.06 (15/255)       0.03 (11/364)       0.00 (0/83)         0.11 (4/36)         java.net.URL
0.01 (3/343)        0.02 (2/96)         0.01 (2/161)        0.00 (0/36)         0.07 (1/14)         java.util.AbstractCollection
0.02 (6/254)        0.05 (3/65)         0.02 (2/119)        0.00 (0/26)         0.06 (1/16)         java.util.AbstractList
0.01 (36/5746)      0.01 (8/1122)       0.00 (7/1427)       0.00 (0/400)        0.01 (2/150)        java.util.Arrays
 -                   -                   -                   -                   -                  java.util.Collection
 -                   -                   -                   -                   -                  java.util.Comparator
1.00 (3/3)          1.00 (2/2)          1.00 (2/2)           -                  1.00 (1/1)          java.util.Dictionary
 -                   -                   -                   -                   -                  java.util.Enumeration
0.23 (233/1009)     0.22 (49/223)       0.14 (39/276)       0.10 (6/62)         0.17 (6/36)         java.util.Hashtable
0.30 (3/10)         0.50 (2/4)          0.40 (2/5)           -                  0.33 (1/3)          java.util.Hashtable$EmptyEnumerator
0.20 (3/15)         0.40 (2/5)          0.29 (2/7)           -                  0.25 (1/4)          java.util.Hashtable$EmptyIterator
0.13 (15/119)       0.30 (6/20)         0.04 (2/45)         0.00 (0/10)         0.13 (1/8)          java.util.Hashtable$Entry
 -                   -                   -                   -                   -                  java.util.Iterator
 -                   -                   -                   -                   -                  java.util.List
 -                   -                   -                   -                   -                  java.util.Map
 -                   -                   -                   -                   -                  java.util.Map$Entry
0.09 (97/1066)      0.03 (8/229)        0.04 (13/321)       0.03 (2/71)         0.15 (4/26)         java.util.Properties
 -                   -                   -                   -                   -                  java.util.RandomAccess
0.02 (17/919)       0.04 (7/187)        0.02 (5/238)        0.00 (0/43)         0.04 (2/48)         java.util.Vector
 -                   -                   -                   -                   -                  long
0.04 (26/735)       0.03 (6/206)        0.03 (10/307)       0.00 (0/70)         0.07 (4/56)         org.apache.log4j.Category
0.38 (3/8)          0.67 (2/3)          0.50 (2/4)           -                  0.50 (1/2)          org.apache.log4j.DefaultCategoryFactory
0.10 (56/567)       0.10 (16/155)       0.06 (12/191)       0.00 (0/25)         0.11 (3/27)         org.apache.log4j.Hierarchy
0.29 (63/217)       0.20 (10/50)        0.15 (11/73)        0.00 (0/13)         0.20 (2/10)         org.apache.log4j.Level
0.32 (65/202)       0.28 (16/57)        0.29 (27/94)        0.00 (0/11)         0.23 (3/13)         org.apache.log4j.LogManager
0.22 (19/86)        0.15 (3/20)         0.25 (11/44)        0.00 (0/6)          0.40 (4/10)         org.apache.log4j.Logger
0.36 (48/135)       0.36 (10/28)        0.25 (8/32)         0.00 (0/3)          0.15 (2/13)         org.apache.log4j.Priority
0.54 (117/215)      0.38 (21/56)        0.50 (50/101)       0.11 (2/18)         0.50 (4/8)          org.apache.log4j.helpers.Loader
0.16 (20/129)       0.17 (7/41)         0.12 (8/66)         0.00 (0/13)         0.20 (2/10)         org.apache.log4j.helpers.LogLog
0.01 (13/883)       0.03 (5/177)        0.01 (3/369)        0.00 (0/46)         0.13 (2/16)         org.apache.log4j.helpers.OptionConverter
0.30 (3/10)         0.40 (2/5)          0.33 (2/6)           -                  0.50 (1/2)          org.apache.log4j.or.DefaultRenderer
 -                   -                   -                   -                   -                  org.apache.log4j.or.ObjectRenderer
0.07 (13/183)       0.09 (4/45)         0.06 (5/79)         0.00 (0/10)         0.18 (2/11)         org.apache.log4j.or.RendererMap
 -                   -                   -                   -                   -                  org.apache.log4j.spi.AppenderAttachable
1.00 (9/9)          1.00 (4/4)          1.00 (3/3)           -                  1.00 (2/2)          org.apache.log4j.spi.DefaultRepositorySelector
 -                   -                   -                   -                   -                  org.apache.log4j.spi.LoggerFactory
 -                   -                   -                   -                   -                  org.apache.log4j.spi.LoggerRepository
 -                   -                   -                   -                   -                  org.apache.log4j.spi.RendererSupport
 -                   -                   -                   -                   -                  org.apache.log4j.spi.RepositorySelector
0.59 (13/22)        0.75 (6/8)          0.60 (6/10)         0.00 (0/1)          0.67 (2/3)          org.apache.log4j.spi.RootLogger
 -                   -                   -                   -                   -                  org.apache.log4j.spi.ThrowableRendererSupport
 -                   -                   -                   -                   -                  short
 -                   -                   -                   -                   -                  sun.misc.JavaLangAccess
0.08 (6/75)         0.09 (3/34)         0.09 (3/32)         0.00 (0/5)          0.13 (2/16)         sun.misc.SharedSecrets
0.08 (10/127)       0.10 (3/30)         0.12 (5/41)          -                  0.14 (3/21)         sun.misc.Unsafe
 -                   -                   -                   -                   -                  void

------------------------------------------------------------------------------------------------------------
0.09 (2483/27525)   0.06 (345/6028)     0.05 (417/8234)     0.01 (18/1641)      0.08 (115/1472)     1.00 (88/88)       total

====================================================== results
no errors detected

====================================================== statistics
elapsed time:       00:00:01
states:             new=30, visited=0, backtracked=30, end=5
search:             maxDepth=8, constraints hit=0
choice generators:  thread=1 (signal=0, lock=1, shared ref=0), data=15
heap:               new=662, released=141, max live=650, gc-cycles=18
instructions:       5884
max memory:         76MB
loaded code:        classes=118, methods=1816

====================================================== search finished: 6/11/12 6:08 PM
