Running Symbolic PathFinder ....
symbolic.dp=choco
symbolic.string_dp_timeout_ms=0
symbolic.string_dp=none
symbolic.choco_time_bound=30000
symbolic.minint=-1000000
symbolic.maxint=1000000
symbolic.minreal=-10000.0
symbolic.maxreal=10000.0
symbolic.undefined=-1000000
Starting the verification, JPF.java; 610
1
  2
  2
1

====================================================== error #1
gov.nasa.jpf.jvm.NotDeadlockedProperty
deadlock encountered:
  thread FirstTask:{id:1,name:Thread-1,status:WAITING,priority:5,lockCount:1,suspendCount:0}
  thread SecondTask:{id:2,name:Thread-2,status:WAITING,priority:5,lockCount:1,suspendCount:0}


====================================================== snapshot #1
thread FirstTask:{id:1,name:Thread-1,status:WAITING,priority:5,lockCount:1,suspendCount:0}
  waiting on: Event@140
  call stack:
	at java.lang.Object.wait(Object.java:-1)
	at Event.wait_for_event(oldclassic.java:79)
	at FirstTask.run(oldclassic.java:103)

thread SecondTask:{id:2,name:Thread-2,status:WAITING,priority:5,lockCount:1,suspendCount:0}
  waiting on: Event@141
  call stack:
	at java.lang.Object.wait(Object.java:-1)
	at Event.wait_for_event(oldclassic.java:79)
	at SecondTask.run(oldclassic.java:130)

Starting Heuristic Search 

