1
  2
  2
1

====================================================== error #1
gov.nasa.jpf.jvm.NotDeadlockedProperty
deadlock encountered:
  thread id=1,name=Thread-1,status=WAITING,priority=5,lockCount=1,suspendCount=0
  thread id=2,name=Thread-2,status=WAITING,priority=5,lockCount=1,suspendCount=0


====================================================== snapshot #1
thread id=1,name=Thread-1,status=WAITING,priority=5,lockCount=1,suspendCount=0
  waiting on: Event@140
  call stack:
	at java.lang.Object.wait(Object.java:-1)
	at Event.wait_for_event(oldclassic.java:79)
	at FirstTask.run(oldclassic.java:103)

thread id=2,name=Thread-2,status=WAITING,priority=5,lockCount=1,suspendCount=0
  waiting on: Event@141
  call stack:
	at java.lang.Object.wait(Object.java:-1)
	at Event.wait_for_event(oldclassic.java:79)
	at SecondTask.run(oldclassic.java:130)

====================================================== gov.nasa.jpf.traceAnalyzer.DeadlockAnalyzer
   1       2     trans      insn          loc
------- ------- ---------------------------------------------------
W:320      |        16      invokevirtual oldclassic.java:79
   |    W:321        8      invokevirtual oldclassic.java:79
   |    A:320        8      invokevirtual oldclassic.java:74
   |       S         1      invokevirtual oldclassic.java:54
   S       |         0      invokevirtual oldclassic.java:53
