Running Symbolic PathFinder ....
symbolic.dp=choco
symbolic.string_dp_timeout_ms=0
symbolic.string_dp=none
symbolic.choco_time_bound=30000
symbolic.minint=-1000000
symbolic.maxint=1000000
symbolic.minreal=-10000.0
symbolic.maxreal=10000.0
symbolic.undefined=-1000000
Starting the verification, JPF.java; 610
1
  2
  2
1

====================================================== output #1
  2
1
====================================================== stateId: 0
objectLocked
  11 # Ljava/lang/Class;
objectUnlocked
  11 # Ljava/lang/Class;
objectLocked
  29 # Ljava/lang/Class;
objectUnlocked
  29 # Ljava/lang/Class;
objectLocked
  89 # Ljava/lang/Class;
objectUnlocked
  89 # Ljava/lang/Class;
objectLocked
  92 # Ljava/lang/Class;
objectUnlocked
  92 # Ljava/lang/Class;
objectLocked
  98 # Ljava/lang/Class;
objectUnlocked
  98 # Ljava/lang/Class;
objectLocked
  101 # Ljava/lang/Class;
objectUnlocked
  101 # Ljava/lang/Class;
objectLocked
  104 # Ljava/lang/Class;
objectUnlocked
  104 # Ljava/lang/Class;
objectLocked
  107 # Ljava/lang/Class;
objectUnlocked
  107 # Ljava/lang/Class;
objectLocked
  110 # Ljava/lang/Class;
objectUnlocked
  110 # Ljava/lang/Class;
objectLocked
  116 # Ljava/lang/Class;
objectUnlocked
  116 # Ljava/lang/Class;
objectLocked
  134 # Ljava/lang/Class;
objectUnlocked
  134 # Ljava/lang/Class;
objectLocked
  158 # Ljava/lang/Class;
objectLocked
  219 # Ljava/lang/Class;
objectUnlocked
  219 # Ljava/lang/Class;
objectLocked
  222 # Ljava/lang/Class;
objectUnlocked
  222 # Ljava/lang/Class;
objectLocked
  240 # Ljava/util/Properties;
objectUnlocked
  240 # Ljava/util/Properties;
objectLocked
  240 # Ljava/util/Properties;
objectUnlocked
  240 # Ljava/util/Properties;
objectLocked
  240 # Ljava/util/Properties;
objectUnlocked
  240 # Ljava/util/Properties;
objectLocked
  240 # Ljava/util/Properties;
objectUnlocked
  240 # Ljava/util/Properties;
objectLocked
  240 # Ljava/util/Properties;
objectUnlocked
  240 # Ljava/util/Properties;
objectLocked
  240 # Ljava/util/Properties;
objectUnlocked
  240 # Ljava/util/Properties;
objectLocked
  240 # Ljava/util/Properties;
objectUnlocked
  240 # Ljava/util/Properties;
objectLocked
  240 # Ljava/util/Properties;
objectUnlocked
  240 # Ljava/util/Properties;
objectLocked
  240 # Ljava/util/Properties;
objectUnlocked
  240 # Ljava/util/Properties;
objectLocked
  240 # Ljava/util/Properties;
objectUnlocked
  240 # Ljava/util/Properties;
objectLocked
  310 # Ljava/lang/Class;
objectLocked
  313 # Ljava/lang/Class;
objectUnlocked
  313 # Ljava/lang/Class;
objectUnlocked
  310 # Ljava/lang/Class;
objectUnlocked
  158 # Ljava/lang/Class;
objectLocked
  1 # Ljava/lang/ThreadGroup;
objectUnlocked
  1 # Ljava/lang/ThreadGroup;
objectLocked
  326 # Ljava/lang/Class;
objectUnlocked
  326 # Ljava/lang/Class;
objectLocked
  1 # Ljava/lang/ThreadGroup;
objectUnlocked
  1 # Ljava/lang/ThreadGroup;
threadStarted
  1 # Thread-1
====================================================== stateId: 1
threadStarted
  2 # Thread-2
====================================================== stateId: 3
objectLocked
  0 # Ljava/lang/Thread;
objectNotifyAll
  0 # Ljava/lang/Thread;
objectUnlocked
  0 # Ljava/lang/Thread;
threadTerminated
  0 # main
====================================================== stateId: 9
objectLocked
  320 # LEvent;
objectNotifyAll
  320 # LEvent;
objectUnlocked
  320 # LEvent;
objectLocked
  321 # LEvent;
objectUnlocked
  321 # LEvent;
objectWait
  321 # LEvent;
====================================================== stateId: 22
objectLocked
  320 # LEvent;
objectUnlocked
  320 # LEvent;
objectWait
  320 # LEvent;
Starting Heuristic Search 

