1
  2
  2
1
====================================================== gov.nasa.jpf.traceAnalyzer.ScalaDeadlockAnalyzer
====================================================== stateId: 16
 objectWait             320                    1                      LEvent;               
 objectUnlocked         320                    1                      LEvent;               
 objectLocked           320                    1                      LEvent;               
====================================================== stateId: 8
 objectWait             321                    2                      LEvent;               
 objectUnlocked         321                    2                      LEvent;               
 objectLocked           321                    2                      LEvent;               
 objectUnlocked         320                    2                      LEvent;               
 objectNotifyAll        320                    2                      LEvent;               
 objectLocked           320                    2                      LEvent;               
====================================================== stateId: 3
 threadTerminated       0                      0                      main                  
 objectUnlocked         0                      0                      Ljava/lang/Thread;    
 objectNotifyAll        0                      0                      Ljava/lang/Thread;    
 objectLocked           0                      0                      Ljava/lang/Thread;    
====================================================== stateId: 1
 threadStarted          348                    2                      Thread-2              
====================================================== stateId: 0
 threadStarted          351                    1                      Thread-1              
 objectUnlocked         1                      0                      Ljava/lang/ThreadGro  
 objectLocked           1                      0                      Ljava/lang/ThreadGro  
 objectUnlocked         326                    0                      Ljava/lang/Class;     
 objectLocked           326                    0                      Ljava/lang/Class;     
 objectUnlocked         1                      0                      Ljava/lang/ThreadGro  
 objectLocked           1                      0                      Ljava/lang/ThreadGro  
 objectUnlocked         158                    0                      Ljava/lang/Class;     
 objectUnlocked         310                    0                      Ljava/lang/Class;     
 objectUnlocked         313                    0                      Ljava/lang/Class;     
 objectLocked           313                    0                      Ljava/lang/Class;     
 objectLocked           310                    0                      Ljava/lang/Class;     
 objectUnlocked         240                    0                      Ljava/util/Propertie  
 objectLocked           240                    0                      Ljava/util/Propertie  
 objectUnlocked         240                    0                      Ljava/util/Propertie  
 objectLocked           240                    0                      Ljava/util/Propertie  
 objectUnlocked         240                    0                      Ljava/util/Propertie  
 objectLocked           240                    0                      Ljava/util/Propertie  
 objectUnlocked         240                    0                      Ljava/util/Propertie  
 objectLocked           240                    0                      Ljava/util/Propertie  
 objectUnlocked         240                    0                      Ljava/util/Propertie  
 objectLocked           240                    0                      Ljava/util/Propertie  
 objectUnlocked         240                    0                      Ljava/util/Propertie  
 objectLocked           240                    0                      Ljava/util/Propertie  
 objectUnlocked         240                    0                      Ljava/util/Propertie  
 objectLocked           240                    0                      Ljava/util/Propertie  
 objectUnlocked         240                    0                      Ljava/util/Propertie  
 objectLocked           240                    0                      Ljava/util/Propertie  
 objectUnlocked         240                    0                      Ljava/util/Propertie  
 objectLocked           240                    0                      Ljava/util/Propertie  
 objectUnlocked         240                    0                      Ljava/util/Propertie  
 objectLocked           240                    0                      Ljava/util/Propertie  
 objectUnlocked         222                    0                      Ljava/lang/Class;     
 objectLocked           222                    0                      Ljava/lang/Class;     
 objectUnlocked         219                    0                      Ljava/lang/Class;     
 objectLocked           219                    0                      Ljava/lang/Class;     
 objectLocked           158                    0                      Ljava/lang/Class;     
 objectUnlocked         134                    0                      Ljava/lang/Class;     
 objectLocked           134                    0                      Ljava/lang/Class;     
 objectUnlocked         116                    0                      Ljava/lang/Class;     
 objectLocked           116                    0                      Ljava/lang/Class;     
 objectUnlocked         110                    0                      Ljava/lang/Class;     
 objectLocked           110                    0                      Ljava/lang/Class;     
 objectUnlocked         107                    0                      Ljava/lang/Class;     
 objectLocked           107                    0                      Ljava/lang/Class;     
 objectUnlocked         104                    0                      Ljava/lang/Class;     
 objectLocked           104                    0                      Ljava/lang/Class;     
 objectUnlocked         101                    0                      Ljava/lang/Class;     
 objectLocked           101                    0                      Ljava/lang/Class;     
 objectUnlocked         98                     0                      Ljava/lang/Class;     
 objectLocked           98                     0                      Ljava/lang/Class;     
 objectUnlocked         92                     0                      Ljava/lang/Class;     
 objectLocked           92                     0                      Ljava/lang/Class;     
 objectUnlocked         89                     0                      Ljava/lang/Class;     
 objectLocked           89                     0                      Ljava/lang/Class;     
 objectUnlocked         29                     0                      Ljava/lang/Class;     
 objectLocked           29                     0                      Ljava/lang/Class;     
 objectUnlocked         11                     0                      Ljava/lang/Class;     
 objectLocked           11                     0                      Ljava/lang/Class;     
