all

Print events with all their properties.
 gov.nasa.jpf.jvm.cho   0                      false                  true                   0                      25                    
 gov.nasa.jpf.jvm.cho   0                      false                  true                   1                      25                    
 0                      0                      nativereturn           java.lang.Thread       start()V               java/lang/Thread.jav   main                   38                     325                    75                     false                  3                      FirstTask              3                     
 0                      0                      invokevirtual          java.lang.Thread       start()V               oldclassic.java:54     main                   38                     346                    78                     false                  3                      SecondTask             2                      noArgs                
 gov.nasa.jpf.jvm.cho   0                      false                  true                   3                      25                    
 0                      0                      nativereturn           java.lang.Thread       start()V               java/lang/Thread.jav   main                   38                     346                    78                     false                  3                      SecondTask             3                     
 gov.nasa.jpf.jvm.cho   2                      false                  true                   9                      25                    
 0                      2                      invokevirtual          SecondTask             run()V                 [synthetic] [run]      Thread-2               78                     346                    78                     false                  2                      SecondTask             2                      noArgs                
 0                      2                      nativereturn           gov.nasa.jpf.Console   println(Ljava/lang/S   gov/nasa/jpf/Console   Thread-2               58                     211                    58                     false                  3                      gov.nasa.jpf.Console   3                     
 0                      2                      invokevirtual          Event                  signal_event()V        oldclassic.java:127    Thread-2               74                     320                    74                     false                  3                      Event                  2                      noArgs                
 0                      2                      invokevirtual          java.lang.Object       notifyAll()V           oldclassic.java:74     Thread-2               0                      320                    74                     false                  4                      Event                  2                      noArgs                
 0                      2                      nativereturn           java.lang.Object       notifyAll()V           java/lang/Object.jav   Thread-2               0                      320                    74                     false                  4                      Event                  3                     
 0                      2                      return                 Event                  signal_event()V        oldclassic.java:75     Thread-2               74                     320                    74                     false                  3                      Event                  3                     
 0                      2                      invokevirtual          Event                  wait_for_event()V      oldclassic.java:130    Thread-2               74                     321                    74                     false                  3                      Event                  2                      noArgs                
 0                      2                      invokevirtual          java.lang.Object       wait()V                oldclassic.java:79     Thread-2               0                      321                    74                     false                  4                      Event                  2                      noArgs                
 gov.nasa.jpf.jvm.cho   1                      true                   true                   22                     25                    
 0                      1                      invokevirtual          FirstTask              run()V                 [synthetic] [run]      Thread-1               75                     325                    75                     false                  2                      FirstTask              2                      noArgs                
 0                      1                      nativereturn           gov.nasa.jpf.Console   println(Ljava/lang/S   gov/nasa/jpf/Console   Thread-1               58                     211                    58                     false                  3                      gov.nasa.jpf.Console   3                     
 0                      1                      invokevirtual          Event                  wait_for_event()V      oldclassic.java:103    Thread-1               74                     320                    74                     false                  3                      Event                  2                      noArgs                
 0                      1                      invokevirtual          java.lang.Object       wait()V                oldclassic.java:79     Thread-1               0                      320                    74                     false                  4                      Event                  2                      noArgs                
