Running Symbolic PathFinder ....
symbolic.dp=choco
symbolic.string_dp_timeout_ms=0
symbolic.string_dp=none
symbolic.choco_time_bound=30000
symbolic.minint=-1000000
symbolic.maxint=1000000
symbolic.minreal=-10000.0
symbolic.maxreal=10000.0
symbolic.undefined=-1000000
Starting the verification, JPF.java; 610
1
  2
  2
1
Starting Heuristic Search 

====================================================== gov.nasa.jpf.traceAnalyzer.GenericOutputMethodAnalyzer

Print events with certain properties.
====================================================== stateId: 0
====================================================== stateId: 1
 instructionExecuted    nativereturn           java.lang.Thread       start()V               java/lang/Thread.jav   325                    75                     main                   3                      FirstTask             
 instructionExecuted    invokevirtual          java.lang.Thread       start()V               oldclassic.java:54     346                    78                     main                   2                      SecondTask               # noArgs
====================================================== stateId: 3
 instructionExecuted    nativereturn           java.lang.Thread       start()V               java/lang/Thread.jav   346                    78                     main                   3                      SecondTask            
====================================================== stateId: 9
 instructionExecuted    invokevirtual          SecondTask             run()V                 [synthetic] [run]      346                    78                     Thread-2               2                      SecondTask               # noArgs
 instructionExecuted    nativereturn           gov.nasa.jpf.Console   println(Ljava/lang/S   gov/nasa/jpf/Console   211                    58                     Thread-2               3                      gov.nasa.jpf.Console  
 instructionExecuted    invokevirtual          Event                  signal_event()V        oldclassic.java:127    320                    74                     Thread-2               2                      Event                    # noArgs
 instructionExecuted    invokevirtual          java.lang.Object       notifyAll()V           oldclassic.java:74     320                    74                     Thread-2               2                      Event                    # noArgs
 instructionExecuted    nativereturn           java.lang.Object       notifyAll()V           java/lang/Object.jav   320                    74                     Thread-2               3                      Event                 
 instructionExecuted    return                 Event                  signal_event()V        oldclassic.java:75     320                    74                     Thread-2               3                      Event                 
 instructionExecuted    invokevirtual          Event                  wait_for_event()V      oldclassic.java:130    321                    74                     Thread-2               2                      Event                    # noArgs
 instructionExecuted    invokevirtual          java.lang.Object       wait()V                oldclassic.java:79     321                    74                     Thread-2               2                      Event                    # noArgs
====================================================== stateId: 22
 instructionExecuted    invokevirtual          FirstTask              run()V                 [synthetic] [run]      325                    75                     Thread-1               2                      FirstTask                # noArgs
 instructionExecuted    nativereturn           gov.nasa.jpf.Console   println(Ljava/lang/S   gov/nasa/jpf/Console   211                    58                     Thread-1               3                      gov.nasa.jpf.Console  
 instructionExecuted    invokevirtual          Event                  wait_for_event()V      oldclassic.java:103    320                    74                     Thread-1               2                      Event                    # noArgs
 instructionExecuted    invokevirtual          java.lang.Object       wait()V                oldclassic.java:79     320                    74                     Thread-1               2                      Event                    # noArgs
