------------------------------------------ #1
0: RETURN ... java.lang.Thread<FirstTask@325>.start()V
0: CALL_EXECUTE ... java.lang.Thread<SecondTask@346>.start()V
------------------------------------------ #2
0: RETURN ... java.lang.Thread<SecondTask@346>.start()V
0: RETURN .. oldclassic.main([Ljava/lang/String;)V
------------------------------------------ #3
2: CALL_EXECUTE .. SecondTask@346.run()V
2: CALL_EXECUTE ... gov.nasa.jpf.ConsoleOutputStream@211.println(Ljava/lang/String;)V
2: RETURN ... gov.nasa.jpf.ConsoleOutputStream@211.println(Ljava/lang/String;)V
2: CALL_EXECUTE ... Event@320.signal_event()V
2: CALL_EXECUTE .... java.lang.Object<Event@320>.notifyAll()V
2: RETURN .... java.lang.Object<Event@320>.notifyAll()V
2: RETURN ... Event@320.signal_event()V
2: CALL_EXECUTE ... Event@321.wait_for_event()V
2: CALL_EXECUTE .... java.lang.Object<Event@321>.wait()V
------------------------------------------ #4
1: CALL_EXECUTE .. FirstTask@325.run()V
1: CALL_EXECUTE ... gov.nasa.jpf.ConsoleOutputStream@211.println(Ljava/lang/String;)V
1: RETURN ... gov.nasa.jpf.ConsoleOutputStream@211.println(Ljava/lang/String;)V
1: CALL_EXECUTE ... Event@320.wait_for_event()V
1: CALL_EXECUTE .... java.lang.Object<Event@320>.wait()V
